<?xml version="1.0" encoding="UTF-8"?>
<!-- Generated by org.testng.reporters.JUnitXMLReporter -->
<testsuite ignored="1" hostname="gani" failures="0" tests="5" name="loan&#039;s and cards" time="0.112" errors="0" timestamp="2024-09-05T10:37:49 IST">
  <testcase classname="practiceTestNg.PersonalLoan" name="nikil" time="0.011"/>
  <testcase classname="practiceTestNg.PersonalLoan" name="raja" time="0.001"/>
  <testcase classname="practiceTestNg.Cards" name="goldenCard" time="0.014"/>
  <testcase classname="practiceTestNg.PersonalLoan" name="ravi" time="0.001"/>
  <testcase classname="practiceTestNg.PersonalLoan" name="suresh" time="0.005"/>
  <testcase classname="practiceTestNg.Cards" name="creditCard" time="0.0">
    <ignored/>
  </testcase> <!-- creditCard -->
</testsuite> <!-- loan's and cards -->
