<?xml version="1.0" encoding="UTF-8"?>
<!-- Generated by org.testng.reporters.JUnitXMLReporter -->
<testsuite ignored="8" hostname="gani" failures="0" tests="13" name="test" time="0.041" errors="0" timestamp="2024-08-08T19:52:49 IST">
  <testcase classname="practiceTestNg.Mobiles" name="blackBerry" time="0.003"/>
  <testcase classname="practiceTestNg.Mobiles" name="nokia" time="0.001"/>
  <testcase classname="practiceTestNg.Mobiles" name="onePlus" time="0.001"/>
  <testcase classname="practiceTestNg.Mobiles" name="oppo" time="0.002"/>
  <testcase classname="practiceTestNg.Mobiles" name="realme" time="0.001"/>
  <testcase classname="practiceTestNg.Mobiles" name="redme" time="0.002"/>
  <testcase classname="practiceTestNg.Mobiles" name="vivo" time="0.001"/>
  <testcase classname="practiceTestNg.BooksAndPens" name="pen1" time="0.001"/>
  <testcase classname="practiceTestNg.BooksAndPens" name="pen2" time="0.001"/>
  <testcase classname="practiceTestNg.BooksAndPens" name="pen3" time="0.0"/>
  <testcase classname="practiceTestNg.BooksAndPens" name="pen4" time="0.001"/>
  <testcase classname="practiceTestNg.BooksAndPens" name="pen5" time="0.001"/>
  <testcase classname="practiceTestNg.BooksAndPens" name="pen6" time="0.001"/>
  <testcase classname="practiceTestNg.BooksAndPens" name="book4" time="0.0">
    <ignored/>
  </testcase> <!-- book4 -->
  <testcase classname="practiceTestNg.BooksAndPens" name="book5" time="0.0">
    <ignored/>
  </testcase> <!-- book5 -->
  <testcase classname="practiceTestNg.BooksAndPens" name="book2" time="0.0">
    <ignored/>
  </testcase> <!-- book2 -->
  <testcase classname="practiceTestNg.BooksAndPens" name="book3" time="0.0">
    <ignored/>
  </testcase> <!-- book3 -->
  <testcase classname="practiceTestNg.BooksAndPens" name="book6" time="0.0">
    <ignored/>
  </testcase> <!-- book6 -->
  <testcase classname="practiceTestNg.VehicalLoan" name="busLoan" time="0.0">
    <ignored/>
  </testcase> <!-- busLoan -->
  <testcase classname="practiceTestNg.VehicalLoan" name="bikeLoan" time="0.0">
    <ignored/>
  </testcase> <!-- bikeLoan -->
  <testcase classname="practiceTestNg.BooksAndPens" name="book1" time="0.0">
    <ignored/>
  </testcase> <!-- book1 -->
</testsuite> <!-- test -->
