<?xml version="1.0" encoding="UTF-8"?>
<testng-results ignored="0" total="1" passed="1" failed="0" skipped="0">
  <reporter-output>
  </reporter-output>
  <suite started-at="2024-07-29T11:21:32 IST" name="Default suite" finished-at="2024-07-29T11:21:32 IST" duration-ms="78">
    <groups>
    </groups>
    <test started-at="2024-07-29T11:21:32 IST" name="Default test" finished-at="2024-07-29T11:21:32 IST" duration-ms="78">
      <class name="org.sample.mavenSample.StreamJava">
        <test-method signature="streamMap()[pri:0, instance:org.sample.mavenSample.StreamJava@202b0582]" started-at="2024-07-29T11:21:32 IST" name="streamMap" finished-at="2024-07-29T11:21:32 IST" duration-ms="18" status="PASS">
          <reporter-output>
          </reporter-output>
        </test-method> <!-- streamMap -->
      </class> <!-- org.sample.mavenSample.StreamJava -->
    </test> <!-- Default test -->
  </suite> <!-- Default suite -->
</testng-results>
