<?xml version="1.0" encoding="UTF-8"?>
<!-- Generated by org.testng.reporters.JUnitXMLReporter -->
<testsuite ignored="0" hostname="gani" failures="0" tests="13" name="Test" time="0.096" errors="0" timestamp="2024-07-30T12:35:48 IST">
  <testcase classname="practiceTestNg.Cards" name="creditCard" time="0.013"/>
  <testcase classname="practiceTestNg.Cards" name="debitCard" time="0.001"/>
  <testcase classname="practiceTestNg.Cards" name="passBook" time="0.002"/>
  <testcase classname="practiceTestNg.PersonalLoan" name="gani" time="0.002"/>
  <testcase classname="practiceTestNg.PersonalLoan" name="nikil" time="0.002"/>
  <testcase classname="practiceTestNg.PersonalLoan" name="praveen" time="0.001"/>
  <testcase classname="practiceTestNg.PersonalLoan" name="raja" time="0.001"/>
  <testcase classname="practiceTestNg.PersonalLoan" name="ravi" time="0.001"/>
  <testcase classname="practiceTestNg.PersonalLoan" name="suresh" time="0.001"/>
  <testcase classname="practiceTestNg.VehicalLoan" name="bikeLoan" time="0.001"/>
  <testcase classname="practiceTestNg.VehicalLoan" name="busLoan" time="0.001"/>
  <testcase classname="practiceTestNg.VehicalLoan" name="carLoan" time="0.001"/>
  <testcase classname="practiceTestNg.VehicalLoan" name="tractorLoan" time="0.001"/>
</testsuite> <!-- Test -->
